{"contracts/IGame.sol":{"l":{},"path":"/Users/jonahburian/Desktop/CIS/Personal/Matchbox/contracts/IGame.sol","s":{},"b":{},"f":{},"fnMap":{},"statementMap":{},"branchMap":{}},"contracts/IGameMetaData.sol":{"l":{},"path":"/Users/jonahburian/Desktop/CIS/Personal/Matchbox/contracts/IGameMetaData.sol","s":{},"b":{},"f":{},"fnMap":{},"statementMap":{},"branchMap":{}},"contracts/MonacoResults.sol":{"l":{"26":4,"30":3,"35":18,"39":15,"45":2,"47":2,"49":2,"64":15,"75":11,"77":11,"79":11,"88":1,"89":1,"94":17,"95":17,"99":17,"100":17,"104":17,"105":17,"110":2,"111":2,"115":1,"116":1,"120":12,"121":12,"126":2,"130":12,"131":12,"135":48,"136":48,"140":1,"141":1,"145":48,"146":48,"150":48,"151":48,"156":48,"157":48},"path":"/Users/jonahburian/Desktop/CIS/Personal/Matchbox/contracts/MonacoResults.sol","s":{"1":4,"2":18,"3":2,"4":15,"5":11,"6":1,"7":1,"8":17,"9":17,"10":17,"11":17,"12":17,"13":17,"14":2,"15":2,"16":1,"17":1,"18":12,"19":12,"20":2,"21":12,"22":12,"23":48,"24":48,"25":1,"26":1,"27":48,"28":48,"29":48,"30":48,"31":48,"32":48},"b":{"1":[3,1],"2":[15,3],"3":[2,0],"4":[2,0],"5":[18,1],"6":[15,3],"7":[2,1],"8":[1,1],"9":[2,2],"10":[1,0]},"f":{"1":4,"2":18,"3":2,"4":15,"5":1,"6":17,"7":17,"8":17,"9":2,"10":1,"11":12,"12":2,"13":12,"14":48,"15":1,"16":48,"17":48,"18":48},"fnMap":{"1":{"name":"raceExists","line":25,"loc":{"start":{"line":25,"column":4},"end":{"line":31,"column":4}}},"2":{"name":"raceDoesNotExist","line":34,"loc":{"start":{"line":34,"column":4},"end":{"line":40,"column":4}}},"3":{"name":"removeRace","line":43,"loc":{"start":{"line":43,"column":4},"end":{"line":50,"column":4}}},"4":{"name":"addRace","line":62,"loc":{"start":{"line":53,"column":4},"end":{"line":80,"column":4}}},"5":{"name":"updateRacePlayer","line":87,"loc":{"start":{"line":83,"column":4},"end":{"line":90,"column":4}}},"6":{"name":"isPregame","line":93,"loc":{"start":{"line":93,"column":4},"end":{"line":96,"column":4}}},"7":{"name":"isOngoing","line":98,"loc":{"start":{"line":98,"column":4},"end":{"line":101,"column":4}}},"8":{"name":"isFinished","line":103,"loc":{"start":{"line":103,"column":4},"end":{"line":106,"column":4}}},"9":{"name":"startGame","line":109,"loc":{"start":{"line":109,"column":4},"end":{"line":112,"column":4}}},"10":{"name":"endGame","line":114,"loc":{"start":{"line":114,"column":4},"end":{"line":117,"column":4}}},"11":{"name":"getGameOwner","line":119,"loc":{"start":{"line":119,"column":4},"end":{"line":122,"column":4}}},"12":{"name":"getRace","line":125,"loc":{"start":{"line":125,"column":4},"end":{"line":127,"column":4}}},"13":{"name":"getTotalPlayers","line":129,"loc":{"start":{"line":129,"column":4},"end":{"line":132,"column":4}}},"14":{"name":"isPlayer","line":134,"loc":{"start":{"line":134,"column":4},"end":{"line":137,"column":4}}},"15":{"name":"getWinner","line":139,"loc":{"start":{"line":139,"column":4},"end":{"line":142,"column":4}}},"16":{"name":"getPlayerName","line":144,"loc":{"start":{"line":144,"column":4},"end":{"line":147,"column":4}}},"17":{"name":"getPlayerCoins","line":149,"loc":{"start":{"line":149,"column":4},"end":{"line":152,"column":4}}},"18":{"name":"getPlayerDistance","line":155,"loc":{"start":{"line":155,"column":4},"end":{"line":158,"column":4}}}},"statementMap":{"1":{"start":{"line":26,"column":8},"end":{"line":26,"column":724}},"2":{"start":{"line":35,"column":8},"end":{"line":35,"column":948}},"3":{"start":{"line":49,"column":8},"end":{"line":49,"column":58}},"4":{"start":{"line":64,"column":8},"end":{"line":64,"column":1758}},"5":{"start":{"line":79,"column":8},"end":{"line":79,"column":56}},"6":{"start":{"line":88,"column":8},"end":{"line":88,"column":34}},"7":{"start":{"line":89,"column":8},"end":{"line":89,"column":56}},"8":{"start":{"line":94,"column":8},"end":{"line":94,"column":34}},"9":{"start":{"line":95,"column":8},"end":{"line":95,"column":31}},"10":{"start":{"line":99,"column":8},"end":{"line":99,"column":34}},"11":{"start":{"line":100,"column":8},"end":{"line":100,"column":31}},"12":{"start":{"line":104,"column":8},"end":{"line":104,"column":34}},"13":{"start":{"line":105,"column":8},"end":{"line":105,"column":32}},"14":{"start":{"line":110,"column":8},"end":{"line":110,"column":34}},"15":{"start":{"line":111,"column":8},"end":{"line":111,"column":31}},"16":{"start":{"line":115,"column":8},"end":{"line":115,"column":34}},"17":{"start":{"line":116,"column":8},"end":{"line":116,"column":29}},"18":{"start":{"line":120,"column":8},"end":{"line":120,"column":34}},"19":{"start":{"line":121,"column":8},"end":{"line":121,"column":27}},"20":{"start":{"line":126,"column":8},"end":{"line":126,"column":29}},"21":{"start":{"line":130,"column":8},"end":{"line":130,"column":34}},"22":{"start":{"line":131,"column":8},"end":{"line":131,"column":37}},"23":{"start":{"line":135,"column":8},"end":{"line":135,"column":34}},"24":{"start":{"line":136,"column":8},"end":{"line":136,"column":38}},"25":{"start":{"line":140,"column":8},"end":{"line":140,"column":34}},"26":{"start":{"line":141,"column":8},"end":{"line":141,"column":31}},"27":{"start":{"line":145,"column":8},"end":{"line":145,"column":34}},"28":{"start":{"line":146,"column":8},"end":{"line":146,"column":43}},"29":{"start":{"line":150,"column":8},"end":{"line":150,"column":34}},"30":{"start":{"line":151,"column":8},"end":{"line":151,"column":44}},"31":{"start":{"line":156,"column":8},"end":{"line":156,"column":34}},"32":{"start":{"line":157,"column":8},"end":{"line":157,"column":47}}},"branchMap":{"1":{"line":26,"type":"if","locations":[{"start":{"line":26,"column":8},"end":{"line":26,"column":8}},{"start":{"line":26,"column":8},"end":{"line":26,"column":8}}]},"2":{"line":35,"type":"if","locations":[{"start":{"line":35,"column":8},"end":{"line":35,"column":8}},{"start":{"line":35,"column":8},"end":{"line":35,"column":8}}]},"3":{"line":43,"type":"if","locations":[{"start":{"line":43,"column":56},"end":{"line":43,"column":56}},{"start":{"line":43,"column":56},"end":{"line":43,"column":56}}]},"4":{"line":43,"type":"if","locations":[{"start":{"line":43,"column":66},"end":{"line":43,"column":66}},{"start":{"line":43,"column":66},"end":{"line":43,"column":66}}]},"5":{"line":62,"type":"if","locations":[{"start":{"line":62,"column":15},"end":{"line":62,"column":15}},{"start":{"line":62,"column":15},"end":{"line":62,"column":15}}]},"6":{"line":62,"type":"if","locations":[{"start":{"line":62,"column":25},"end":{"line":62,"column":25}},{"start":{"line":62,"column":25},"end":{"line":62,"column":25}}]},"7":{"line":87,"type":"if","locations":[{"start":{"line":87,"column":34},"end":{"line":87,"column":34}},{"start":{"line":87,"column":34},"end":{"line":87,"column":34}}]},"8":{"line":87,"type":"if","locations":[{"start":{"line":87,"column":44},"end":{"line":87,"column":44}},{"start":{"line":87,"column":44},"end":{"line":87,"column":44}}]},"9":{"line":109,"type":"if","locations":[{"start":{"line":109,"column":53},"end":{"line":109,"column":53}},{"start":{"line":109,"column":53},"end":{"line":109,"column":53}}]},"10":{"line":114,"type":"if","locations":[{"start":{"line":114,"column":51},"end":{"line":114,"column":51}},{"start":{"line":114,"column":51},"end":{"line":114,"column":51}}]}}},"contracts/Race.sol":{"l":{"41":53,"48":45,"49":45,"50":45,"51":45,"53":45,"55":45,"57":45,"66":135,"71":17,"72":14,"75":17,"76":15,"80":4,"81":3,"86":20,"90":20,"94":20,"99":14,"100":14,"104":6,"105":6,"109":13,"113":1,"121":9,"123":9,"125":9,"127":7,"128":7,"129":7,"131":7,"132":7,"133":2,"139":61,"140":61,"144":3,"152":52,"153":52,"161":59,"162":59,"170":59,"171":59},"path":"/Users/jonahburian/Desktop/CIS/Personal/Matchbox/contracts/Race.sol","s":{"1":53,"2":45,"3":135,"4":17,"5":17,"6":4,"7":20,"8":20,"9":20,"10":14,"11":6,"12":13,"13":1,"14":9,"15":9,"16":9,"17":7,"18":7,"19":61,"20":61,"21":3,"22":52,"23":52,"24":59,"25":59,"26":59,"27":59},"b":{"1":[45,8],"2":[14,3],"3":[15,2],"4":[3,1],"5":[17,1],"6":[14,3],"7":[7,1],"8":[6,1],"9":[10,1],"10":[9,1],"11":[9,0],"12":[7,2],"13":[2,5],"14":[3,1]},"f":{"1":53,"2":135,"3":17,"4":17,"5":4,"6":20,"7":20,"8":20,"9":14,"10":6,"11":13,"12":1,"13":9,"14":61,"15":3,"16":52,"17":59,"18":59},"fnMap":{"1":{"name":"constructor","line":31,"loc":{"start":{"line":31,"column":4},"end":{"line":58,"column":4}}},"2":{"name":"makePlayer","line":61,"loc":{"start":{"line":61,"column":4},"end":{"line":67,"column":4}}},"3":{"name":"pregame","line":70,"loc":{"start":{"line":70,"column":4},"end":{"line":73,"column":4}}},"4":{"name":"ongoing","line":74,"loc":{"start":{"line":74,"column":4},"end":{"line":77,"column":4}}},"5":{"name":"finished","line":79,"loc":{"start":{"line":79,"column":4},"end":{"line":82,"column":4}}},"6":{"name":"isPregame","line":85,"loc":{"start":{"line":85,"column":4},"end":{"line":87,"column":4}}},"7":{"name":"isOngoing","line":89,"loc":{"start":{"line":89,"column":4},"end":{"line":91,"column":4}}},"8":{"name":"isFinished","line":93,"loc":{"start":{"line":93,"column":4},"end":{"line":95,"column":4}}},"9":{"name":"startGame","line":98,"loc":{"start":{"line":98,"column":4},"end":{"line":101,"column":4}}},"10":{"name":"endGame","line":103,"loc":{"start":{"line":103,"column":4},"end":{"line":106,"column":4}}},"11":{"name":"getTotalPlayers","line":108,"loc":{"start":{"line":108,"column":4},"end":{"line":110,"column":4}}},"12":{"name":"getRaceId","line":112,"loc":{"start":{"line":112,"column":4},"end":{"line":114,"column":4}}},"13":{"name":"updatePlayer","line":120,"loc":{"start":{"line":116,"column":4},"end":{"line":135,"column":4}}},"14":{"name":"isPlayer","line":138,"loc":{"start":{"line":138,"column":4},"end":{"line":141,"column":4}}},"15":{"name":"getWinner","line":143,"loc":{"start":{"line":143,"column":4},"end":{"line":145,"column":4}}},"16":{"name":"getPlayerName","line":147,"loc":{"start":{"line":147,"column":4},"end":{"line":154,"column":4}}},"17":{"name":"getPlayerCoins","line":156,"loc":{"start":{"line":156,"column":4},"end":{"line":163,"column":4}}},"18":{"name":"getPlayerDistance","line":165,"loc":{"start":{"line":165,"column":4},"end":{"line":172,"column":4}}}},"statementMap":{"1":{"start":{"line":41,"column":8},"end":{"line":41,"column":864}},"2":{"start":{"line":57,"column":8},"end":{"line":57,"column":26}},"3":{"start":{"line":66,"column":8},"end":{"line":66,"column":43}},"4":{"start":{"line":71,"column":8},"end":{"line":71,"column":37}},"5":{"start":{"line":75,"column":8},"end":{"line":75,"column":37}},"6":{"start":{"line":80,"column":8},"end":{"line":80,"column":37}},"7":{"start":{"line":86,"column":8},"end":{"line":86,"column":36}},"8":{"start":{"line":90,"column":8},"end":{"line":90,"column":36}},"9":{"start":{"line":94,"column":8},"end":{"line":94,"column":36}},"10":{"start":{"line":100,"column":8},"end":{"line":100,"column":24}},"11":{"start":{"line":105,"column":8},"end":{"line":105,"column":27}},"12":{"start":{"line":109,"column":8},"end":{"line":109,"column":16}},"13":{"start":{"line":113,"column":8},"end":{"line":113,"column":21}},"14":{"start":{"line":121,"column":8},"end":{"line":121,"column":35}},"15":{"start":{"line":123,"column":8},"end":{"line":123,"column":39}},"16":{"start":{"line":125,"column":8},"end":{"line":125,"column":58}},"17":{"start":{"line":131,"column":8},"end":{"line":131,"column":58}},"18":{"start":{"line":132,"column":8},"end":{"line":132,"column":3061}},"19":{"start":{"line":139,"column":8},"end":{"line":139,"column":42}},"20":{"start":{"line":140,"column":8},"end":{"line":140,"column":52}},"21":{"start":{"line":144,"column":8},"end":{"line":144,"column":29}},"22":{"start":{"line":152,"column":8},"end":{"line":152,"column":45}},"23":{"start":{"line":153,"column":8},"end":{"line":153,"column":21}},"24":{"start":{"line":161,"column":8},"end":{"line":161,"column":45}},"25":{"start":{"line":162,"column":8},"end":{"line":162,"column":22}},"26":{"start":{"line":170,"column":8},"end":{"line":170,"column":45}},"27":{"start":{"line":171,"column":8},"end":{"line":171,"column":25}}},"branchMap":{"1":{"line":41,"type":"if","locations":[{"start":{"line":41,"column":8},"end":{"line":41,"column":8}},{"start":{"line":41,"column":8},"end":{"line":41,"column":8}}]},"2":{"line":71,"type":"if","locations":[{"start":{"line":71,"column":8},"end":{"line":71,"column":8}},{"start":{"line":71,"column":8},"end":{"line":71,"column":8}}]},"3":{"line":75,"type":"if","locations":[{"start":{"line":75,"column":8},"end":{"line":75,"column":8}},{"start":{"line":75,"column":8},"end":{"line":75,"column":8}}]},"4":{"line":80,"type":"if","locations":[{"start":{"line":80,"column":8},"end":{"line":80,"column":8}},{"start":{"line":80,"column":8},"end":{"line":80,"column":8}}]},"5":{"line":98,"type":"if","locations":[{"start":{"line":98,"column":32},"end":{"line":98,"column":32}},{"start":{"line":98,"column":32},"end":{"line":98,"column":32}}]},"6":{"line":98,"type":"if","locations":[{"start":{"line":98,"column":42},"end":{"line":98,"column":42}},{"start":{"line":98,"column":42},"end":{"line":98,"column":42}}]},"7":{"line":103,"type":"if","locations":[{"start":{"line":103,"column":30},"end":{"line":103,"column":30}},{"start":{"line":103,"column":30},"end":{"line":103,"column":30}}]},"8":{"line":103,"type":"if","locations":[{"start":{"line":103,"column":40},"end":{"line":103,"column":40}},{"start":{"line":103,"column":40},"end":{"line":103,"column":40}}]},"9":{"line":120,"type":"if","locations":[{"start":{"line":120,"column":13},"end":{"line":120,"column":13}},{"start":{"line":120,"column":13},"end":{"line":120,"column":13}}]},"10":{"line":120,"type":"if","locations":[{"start":{"line":120,"column":23},"end":{"line":120,"column":23}},{"start":{"line":120,"column":23},"end":{"line":120,"column":23}}]},"11":{"line":121,"type":"if","locations":[{"start":{"line":121,"column":8},"end":{"line":121,"column":8}},{"start":{"line":121,"column":8},"end":{"line":121,"column":8}}]},"12":{"line":125,"type":"if","locations":[{"start":{"line":125,"column":8},"end":{"line":125,"column":8}},{"start":{"line":125,"column":8},"end":{"line":125,"column":8}}]},"13":{"line":132,"type":"if","locations":[{"start":{"line":132,"column":8},"end":{"line":132,"column":8}},{"start":{"line":132,"column":8},"end":{"line":132,"column":8}}]},"14":{"line":143,"type":"if","locations":[{"start":{"line":143,"column":48},"end":{"line":143,"column":48}},{"start":{"line":143,"column":48},"end":{"line":143,"column":48}}]}}},"contracts/RaceTest.sol":{"l":{"33":0,"34":0,"35":0,"37":0,"39":0,"41":0,"42":0,"43":0,"45":0,"47":0,"49":0,"58":0,"63":0,"64":0,"67":0,"68":0,"72":0,"73":0,"78":0,"82":0,"86":0,"91":0,"92":0,"96":0,"97":0,"101":0,"105":0,"113":0,"115":0,"117":0,"119":0,"120":0,"121":0,"123":0,"124":0,"125":0,"131":0,"132":0,"136":0,"144":0,"145":0,"153":0,"154":0,"162":0,"163":0},"path":"/Users/jonahburian/Desktop/CIS/Personal/Matchbox/contracts/RaceTest.sol","s":{"1":0,"2":0,"3":0,"4":0,"5":0,"6":0,"7":0,"8":0,"9":0,"10":0,"11":0,"12":0,"13":0,"14":0,"15":0,"16":0,"17":0,"18":0,"19":0,"20":0,"21":0,"22":0,"23":0,"24":0,"25":0,"26":0,"27":0,"28":0,"29":0,"30":0},"b":{"1":[0,0],"2":[0,0],"3":[0,0],"4":[0,0],"5":[0,0],"6":[0,0],"7":[0,0],"8":[0,0],"9":[0,0],"10":[0,0],"11":[0,0],"12":[0,0],"13":[0,0]},"f":{"1":0,"2":0,"3":0,"4":0,"5":0,"6":0,"7":0,"8":0,"9":0,"10":0,"11":0,"12":0,"13":0,"14":0,"15":0,"16":0,"17":0,"18":0},"fnMap":{"1":{"name":"constructor","line":31,"loc":{"start":{"line":31,"column":4},"end":{"line":50,"column":4}}},"2":{"name":"makePlayer","line":53,"loc":{"start":{"line":53,"column":4},"end":{"line":59,"column":4}}},"3":{"name":"pregame","line":62,"loc":{"start":{"line":62,"column":4},"end":{"line":65,"column":4}}},"4":{"name":"ongoing","line":66,"loc":{"start":{"line":66,"column":4},"end":{"line":69,"column":4}}},"5":{"name":"finished","line":71,"loc":{"start":{"line":71,"column":4},"end":{"line":74,"column":4}}},"6":{"name":"isPregame","line":77,"loc":{"start":{"line":77,"column":4},"end":{"line":79,"column":4}}},"7":{"name":"isOngoing","line":81,"loc":{"start":{"line":81,"column":4},"end":{"line":83,"column":4}}},"8":{"name":"isFinished","line":85,"loc":{"start":{"line":85,"column":4},"end":{"line":87,"column":4}}},"9":{"name":"startGame","line":90,"loc":{"start":{"line":90,"column":4},"end":{"line":93,"column":4}}},"10":{"name":"endGame","line":95,"loc":{"start":{"line":95,"column":4},"end":{"line":98,"column":4}}},"11":{"name":"getTotalPlayers","line":100,"loc":{"start":{"line":100,"column":4},"end":{"line":102,"column":4}}},"12":{"name":"getRaceId","line":104,"loc":{"start":{"line":104,"column":4},"end":{"line":106,"column":4}}},"13":{"name":"updatePlayer","line":112,"loc":{"start":{"line":108,"column":4},"end":{"line":127,"column":4}}},"14":{"name":"isPlayer","line":130,"loc":{"start":{"line":130,"column":4},"end":{"line":133,"column":4}}},"15":{"name":"getWinner","line":135,"loc":{"start":{"line":135,"column":4},"end":{"line":137,"column":4}}},"16":{"name":"getPlayerName","line":139,"loc":{"start":{"line":139,"column":4},"end":{"line":146,"column":4}}},"17":{"name":"getPlayerCoins","line":148,"loc":{"start":{"line":148,"column":4},"end":{"line":155,"column":4}}},"18":{"name":"getPlayerDistance","line":157,"loc":{"start":{"line":157,"column":4},"end":{"line":164,"column":4}}}},"statementMap":{"1":{"start":{"line":33,"column":8},"end":{"line":33,"column":83}},"2":{"start":{"line":34,"column":8},"end":{"line":34,"column":83}},"3":{"start":{"line":35,"column":8},"end":{"line":35,"column":83}},"4":{"start":{"line":37,"column":8},"end":{"line":37,"column":30}},"5":{"start":{"line":49,"column":8},"end":{"line":49,"column":26}},"6":{"start":{"line":58,"column":8},"end":{"line":58,"column":43}},"7":{"start":{"line":63,"column":8},"end":{"line":63,"column":37}},"8":{"start":{"line":67,"column":8},"end":{"line":67,"column":37}},"9":{"start":{"line":72,"column":8},"end":{"line":72,"column":37}},"10":{"start":{"line":78,"column":8},"end":{"line":78,"column":36}},"11":{"start":{"line":82,"column":8},"end":{"line":82,"column":36}},"12":{"start":{"line":86,"column":8},"end":{"line":86,"column":36}},"13":{"start":{"line":92,"column":8},"end":{"line":92,"column":24}},"14":{"start":{"line":97,"column":8},"end":{"line":97,"column":27}},"15":{"start":{"line":101,"column":8},"end":{"line":101,"column":16}},"16":{"start":{"line":105,"column":8},"end":{"line":105,"column":21}},"17":{"start":{"line":113,"column":8},"end":{"line":113,"column":35}},"18":{"start":{"line":115,"column":8},"end":{"line":115,"column":39}},"19":{"start":{"line":117,"column":8},"end":{"line":117,"column":58}},"20":{"start":{"line":123,"column":8},"end":{"line":123,"column":58}},"21":{"start":{"line":124,"column":8},"end":{"line":124,"column":2998}},"22":{"start":{"line":131,"column":8},"end":{"line":131,"column":42}},"23":{"start":{"line":132,"column":8},"end":{"line":132,"column":52}},"24":{"start":{"line":136,"column":8},"end":{"line":136,"column":29}},"25":{"start":{"line":144,"column":8},"end":{"line":144,"column":45}},"26":{"start":{"line":145,"column":8},"end":{"line":145,"column":21}},"27":{"start":{"line":153,"column":8},"end":{"line":153,"column":45}},"28":{"start":{"line":154,"column":8},"end":{"line":154,"column":22}},"29":{"start":{"line":162,"column":8},"end":{"line":162,"column":45}},"30":{"start":{"line":163,"column":8},"end":{"line":163,"column":25}}},"branchMap":{"1":{"line":63,"type":"if","locations":[{"start":{"line":63,"column":8},"end":{"line":63,"column":8}},{"start":{"line":63,"column":8},"end":{"line":63,"column":8}}]},"2":{"line":67,"type":"if","locations":[{"start":{"line":67,"column":8},"end":{"line":67,"column":8}},{"start":{"line":67,"column":8},"end":{"line":67,"column":8}}]},"3":{"line":72,"type":"if","locations":[{"start":{"line":72,"column":8},"end":{"line":72,"column":8}},{"start":{"line":72,"column":8},"end":{"line":72,"column":8}}]},"4":{"line":90,"type":"if","locations":[{"start":{"line":90,"column":32},"end":{"line":90,"column":32}},{"start":{"line":90,"column":32},"end":{"line":90,"column":32}}]},"5":{"line":90,"type":"if","locations":[{"start":{"line":90,"column":42},"end":{"line":90,"column":42}},{"start":{"line":90,"column":42},"end":{"line":90,"column":42}}]},"6":{"line":95,"type":"if","locations":[{"start":{"line":95,"column":30},"end":{"line":95,"column":30}},{"start":{"line":95,"column":30},"end":{"line":95,"column":30}}]},"7":{"line":95,"type":"if","locations":[{"start":{"line":95,"column":40},"end":{"line":95,"column":40}},{"start":{"line":95,"column":40},"end":{"line":95,"column":40}}]},"8":{"line":112,"type":"if","locations":[{"start":{"line":112,"column":13},"end":{"line":112,"column":13}},{"start":{"line":112,"column":13},"end":{"line":112,"column":13}}]},"9":{"line":112,"type":"if","locations":[{"start":{"line":112,"column":23},"end":{"line":112,"column":23}},{"start":{"line":112,"column":23},"end":{"line":112,"column":23}}]},"10":{"line":113,"type":"if","locations":[{"start":{"line":113,"column":8},"end":{"line":113,"column":8}},{"start":{"line":113,"column":8},"end":{"line":113,"column":8}}]},"11":{"line":117,"type":"if","locations":[{"start":{"line":117,"column":8},"end":{"line":117,"column":8}},{"start":{"line":117,"column":8},"end":{"line":117,"column":8}}]},"12":{"line":124,"type":"if","locations":[{"start":{"line":124,"column":8},"end":{"line":124,"column":8}},{"start":{"line":124,"column":8},"end":{"line":124,"column":8}}]},"13":{"line":135,"type":"if","locations":[{"start":{"line":135,"column":48},"end":{"line":135,"column":48}},{"start":{"line":135,"column":48},"end":{"line":135,"column":48}}]}}}}