TN:
SF:/Users/jonahburian/Desktop/CIS/Personal/Matchbox/contracts/IGame.sol
FNF:0
FNH:0
LF:0
LH:0
BRF:0
BRH:0
end_of_record
TN:
SF:/Users/jonahburian/Desktop/CIS/Personal/Matchbox/contracts/IGameMetaData.sol
FNF:0
FNH:0
LF:0
LH:0
BRF:0
BRH:0
end_of_record
TN:
SF:/Users/jonahburian/Desktop/CIS/Personal/Matchbox/contracts/MonacoResults.sol
FN:25,raceExists
FN:34,raceDoesNotExist
FN:43,removeRace
FN:62,addRace
FN:87,updateRacePlayer
FN:93,isPregame
FN:98,isOngoing
FN:103,isFinished
FN:109,startGame
FN:114,endGame
FN:119,getGameOwner
FN:125,getRace
FN:129,getTotalPlayers
FN:134,isPlayer
FN:139,getWinner
FN:144,getPlayerName
FN:149,getPlayerCoins
FN:155,getPlayerDistance
FNF:18
FNH:18
FNDA:4,raceExists
FNDA:18,raceDoesNotExist
FNDA:2,removeRace
FNDA:15,addRace
FNDA:1,updateRacePlayer
FNDA:17,isPregame
FNDA:17,isOngoing
FNDA:17,isFinished
FNDA:2,startGame
FNDA:1,endGame
FNDA:12,getGameOwner
FNDA:2,getRace
FNDA:12,getTotalPlayers
FNDA:48,isPlayer
FNDA:1,getWinner
FNDA:48,getPlayerName
FNDA:48,getPlayerCoins
FNDA:48,getPlayerDistance
DA:26,4
DA:30,3
DA:35,18
DA:39,15
DA:45,2
DA:47,2
DA:49,2
DA:64,15
DA:75,11
DA:77,11
DA:79,11
DA:88,1
DA:89,1
DA:94,17
DA:95,17
DA:99,17
DA:100,17
DA:104,17
DA:105,17
DA:110,2
DA:111,2
DA:115,1
DA:116,1
DA:120,12
DA:121,12
DA:126,2
DA:130,12
DA:131,12
DA:135,48
DA:136,48
DA:140,1
DA:141,1
DA:145,48
DA:146,48
DA:150,48
DA:151,48
DA:156,48
DA:157,48
LF:38
LH:38
BRDA:26,1,0,3
BRDA:26,1,1,1
BRDA:35,2,0,15
BRDA:35,2,1,3
BRDA:43,3,0,2
BRDA:43,3,1,0
BRDA:43,4,0,2
BRDA:43,4,1,0
BRDA:62,5,0,18
BRDA:62,5,1,1
BRDA:62,6,0,15
BRDA:62,6,1,3
BRDA:87,7,0,2
BRDA:87,7,1,1
BRDA:87,8,0,1
BRDA:87,8,1,1
BRDA:109,9,0,2
BRDA:109,9,1,2
BRDA:114,10,0,1
BRDA:114,10,1,0
BRF:20
BRH:17
end_of_record
TN:
SF:/Users/jonahburian/Desktop/CIS/Personal/Matchbox/contracts/Race.sol
FN:31,constructor
FN:61,makePlayer
FN:70,pregame
FN:74,ongoing
FN:79,finished
FN:85,isPregame
FN:89,isOngoing
FN:93,isFinished
FN:98,startGame
FN:103,endGame
FN:108,getTotalPlayers
FN:112,getRaceId
FN:120,updatePlayer
FN:138,isPlayer
FN:143,getWinner
FN:147,getPlayerName
FN:156,getPlayerCoins
FN:165,getPlayerDistance
FNF:18
FNH:18
FNDA:53,constructor
FNDA:135,makePlayer
FNDA:17,pregame
FNDA:17,ongoing
FNDA:4,finished
FNDA:20,isPregame
FNDA:20,isOngoing
FNDA:20,isFinished
FNDA:14,startGame
FNDA:6,endGame
FNDA:13,getTotalPlayers
FNDA:1,getRaceId
FNDA:9,updatePlayer
FNDA:61,isPlayer
FNDA:3,getWinner
FNDA:52,getPlayerName
FNDA:59,getPlayerCoins
FNDA:59,getPlayerDistance
DA:41,53
DA:48,45
DA:49,45
DA:50,45
DA:51,45
DA:53,45
DA:55,45
DA:57,45
DA:66,135
DA:71,17
DA:72,14
DA:75,17
DA:76,15
DA:80,4
DA:81,3
DA:86,20
DA:90,20
DA:94,20
DA:99,14
DA:100,14
DA:104,6
DA:105,6
DA:109,13
DA:113,1
DA:121,9
DA:123,9
DA:125,9
DA:127,7
DA:128,7
DA:129,7
DA:131,7
DA:132,7
DA:133,2
DA:139,61
DA:140,61
DA:144,3
DA:152,52
DA:153,52
DA:161,59
DA:162,59
DA:170,59
DA:171,59
LF:42
LH:42
BRDA:41,1,0,45
BRDA:41,1,1,8
BRDA:71,2,0,14
BRDA:71,2,1,3
BRDA:75,3,0,15
BRDA:75,3,1,2
BRDA:80,4,0,3
BRDA:80,4,1,1
BRDA:98,5,0,17
BRDA:98,5,1,1
BRDA:98,6,0,14
BRDA:98,6,1,3
BRDA:103,7,0,7
BRDA:103,7,1,1
BRDA:103,8,0,6
BRDA:103,8,1,1
BRDA:120,9,0,10
BRDA:120,9,1,1
BRDA:120,10,0,9
BRDA:120,10,1,1
BRDA:121,11,0,9
BRDA:121,11,1,0
BRDA:125,12,0,7
BRDA:125,12,1,2
BRDA:132,13,0,2
BRDA:132,13,1,5
BRDA:143,14,0,3
BRDA:143,14,1,1
BRF:28
BRH:27
end_of_record
TN:
SF:/Users/jonahburian/Desktop/CIS/Personal/Matchbox/contracts/RaceTest.sol
FN:31,constructor
FN:53,makePlayer
FN:62,pregame
FN:66,ongoing
FN:71,finished
FN:77,isPregame
FN:81,isOngoing
FN:85,isFinished
FN:90,startGame
FN:95,endGame
FN:100,getTotalPlayers
FN:104,getRaceId
FN:112,updatePlayer
FN:130,isPlayer
FN:135,getWinner
FN:139,getPlayerName
FN:148,getPlayerCoins
FN:157,getPlayerDistance
FNF:18
FNH:0
FNDA:0,constructor
FNDA:0,makePlayer
FNDA:0,pregame
FNDA:0,ongoing
FNDA:0,finished
FNDA:0,isPregame
FNDA:0,isOngoing
FNDA:0,isFinished
FNDA:0,startGame
FNDA:0,endGame
FNDA:0,getTotalPlayers
FNDA:0,getRaceId
FNDA:0,updatePlayer
FNDA:0,isPlayer
FNDA:0,getWinner
FNDA:0,getPlayerName
FNDA:0,getPlayerCoins
FNDA:0,getPlayerDistance
DA:33,0
DA:34,0
DA:35,0
DA:37,0
DA:39,0
DA:41,0
DA:42,0
DA:43,0
DA:45,0
DA:47,0
DA:49,0
DA:58,0
DA:63,0
DA:64,0
DA:67,0
DA:68,0
DA:72,0
DA:73,0
DA:78,0
DA:82,0
DA:86,0
DA:91,0
DA:92,0
DA:96,0
DA:97,0
DA:101,0
DA:105,0
DA:113,0
DA:115,0
DA:117,0
DA:119,0
DA:120,0
DA:121,0
DA:123,0
DA:124,0
DA:125,0
DA:131,0
DA:132,0
DA:136,0
DA:144,0
DA:145,0
DA:153,0
DA:154,0
DA:162,0
DA:163,0
LF:45
LH:0
BRDA:63,1,0,0
BRDA:63,1,1,0
BRDA:67,2,0,0
BRDA:67,2,1,0
BRDA:72,3,0,0
BRDA:72,3,1,0
BRDA:90,4,0,0
BRDA:90,4,1,0
BRDA:90,5,0,0
BRDA:90,5,1,0
BRDA:95,6,0,0
BRDA:95,6,1,0
BRDA:95,7,0,0
BRDA:95,7,1,0
BRDA:112,8,0,0
BRDA:112,8,1,0
BRDA:112,9,0,0
BRDA:112,9,1,0
BRDA:113,10,0,0
BRDA:113,10,1,0
BRDA:117,11,0,0
BRDA:117,11,1,0
BRDA:124,12,0,0
BRDA:124,12,1,0
BRDA:135,13,0,0
BRDA:135,13,1,0
BRF:26
BRH:0
end_of_record
